-------------------------------------------------------------------------------
Test set: nl.han.ica.icss.parser.ParserTest
-------------------------------------------------------------------------------
Tests run: 4, Failures: 1, Errors: 0, Skipped: 0, Time elapsed: 0.086 s <<< FAILURE! - in nl.han.ica.icss.parser.ParserTest
testParseLevel3  Time elapsed: 0.015 s  <<< FAILURE!
org.opentest4j.AssertionFailedError: expected: <[Stylesheet|[VariableAssignment (LinkColor)|[VariableReference (LinkColor)|][Color literal (#ff0000)|]][VariableAssignment (ParWidth)|[VariableReference (ParWidth)|][Pixel literal (500)|]][VariableAssignment (AdjustColor)|[VariableReference (AdjustColor)|][Bool Literal (TRUE)|]][VariableAssignment (UseLinkColor)|[VariableReference (UseLinkColor)|][Bool Literal (FALSE)|]][Stylerule|[TagSelector p|][Declaration|[Property: (background-color)|][Color literal (#ffffff)|]][Declaration|[Property: (width)|][VariableReference (ParWidth)|]][If_Clause|[VariableReference (AdjustColor)|][Declaration|[Property: (color)|][Color literal (#124532)|]][If_Clause|[VariableReference (UseLinkColor)|][Declaration|[Property: (background-color)|][VariableReference (LinkColor)|]][Else_Clause|[Declaration|[Property: (background-color)|][Color literal (#000000)|]]]]][Declaration|[Property: (height)|][Pixel literal (20)|]]][Stylerule|[TagSelector a|][Declaration|[Property: (color)|][VariableReference (LinkColor)|]]][Stylerule|[IdSelector #menu|][Declaration|[Property: (width)|][Add|[VariableReference (ParWidth)|][Pixel literal (20)|]]]][Stylerule|[ClassSelector .menu|][Declaration|[Property: (color)|][Color literal (#000000)|]][Declaration|[Property: (background-color)|][VariableReference (LinkColor)|]]]]> but was: <[Stylesheet|[VariableAssignment (LinkColor)|[VariableReference (LinkColor)|][Color literal (#ff0000)|]][VariableAssignment (ParWidth)|[VariableReference (ParWidth)|][Pixel literal (500)|]][VariableAssignment (AdjustColor)|[VariableReference (AdjustColor)|][Bool Literal (TRUE)|]][Stylerule|[TagSelector p|][Declaration|[Property: (background-color)|][Color literal (#ffffff)|]][Declaration|[Property: (width)|][VariableReference (ParWidth)|]][If_Clause|[VariableReference (AdjustColor)|][Declaration|[Property: (color)|][Color literal (#124532)|]][If_Clause|[VariableReference (UseLinkColor)|][Declaration|[Property: (background-color)|][VariableReference (LinkColor)|]][Else_Clause|[Declaration|[Property: (background-color)|][Color literal (#000000)|]]]]][Declaration|[Property: (height)|][Pixel literal (20)|]]][Stylerule|[TagSelector a|][Declaration|[Property: (color)|][VariableReference (LinkColor)|]]][Stylerule|[IdSelector #menu|][Declaration|[Property: (width)|][Add|[VariableReference (ParWidth)|][Pixel literal (20)|]]]][Stylerule|[ClassSelector .menu|][Declaration|[Property: (color)|][Color literal (#000000)|]][Declaration|[Property: (background-color)|][VariableReference (LinkColor)|]]]]>
	at nl.han.ica.icss.parser.ParserTest.testParseLevel3(ParserTest.java:82)

