<?xml version="1.0" encoding="UTF-8"?>
<testsuite xmlns:xsi="http://www.w3.org/2001/XMLSchema-instance" xsi:noNamespaceSchemaLocation="https://maven.apache.org/surefire/maven-surefire-plugin/xsd/surefire-test-report-3.0.xsd" version="3.0" name="nl.han.ica.icss.parser.ParserTest" time="0.097" tests="4" errors="4" skipped="0" failures="0">
  <properties>
[...]
</properties>
  <testcase name="testParseLevel0" classname="nl.han.ica.icss.parser.ParserTest" time="0.068">
    <error message="class nl.han.ica.icss.ast.Stylerule cannot be cast to class nl.han.ica.icss.ast.Stylesheet (nl.han.ica.icss.ast.Stylerule and nl.han.ica.icss.ast.Stylesheet are in unnamed module of loader &apos;app&apos;)" type="java.lang.ClassCastException">java.lang.ClassCastException: class nl.han.ica.icss.ast.Stylerule cannot be cast to class nl.han.ica.icss.ast.Stylesheet (nl.han.ica.icss.ast.Stylerule and nl.han.ica.icss.ast.Stylesheet are in unnamed module of loader 'app')
	at nl.han.ica.icss.parser.ParserTest.parseTestFile(ParserTest.java:48)
	at nl.han.ica.icss.parser.ParserTest.testParseLevel0(ParserTest.java:59)
</error>
  </testcase>
  <testcase name="testParseLevel1" classname="nl.han.ica.icss.parser.ParserTest" time="0.005">
    <error message="class nl.han.ica.icss.ast.Stylerule cannot be cast to class nl.han.ica.icss.ast.Stylesheet (nl.han.ica.icss.ast.Stylerule and nl.han.ica.icss.ast.Stylesheet are in unnamed module of loader &apos;app&apos;)" type="java.lang.ClassCastException">java.lang.ClassCastException: class nl.han.ica.icss.ast.Stylerule cannot be cast to class nl.han.ica.icss.ast.Stylesheet (nl.han.ica.icss.ast.Stylerule and nl.han.ica.icss.ast.Stylesheet are in unnamed module of loader 'app')
	at nl.han.ica.icss.parser.ParserTest.parseTestFile(ParserTest.java:48)
	at nl.han.ica.icss.parser.ParserTest.testParseLevel1(ParserTest.java:66)
</error>
  </testcase>
  <testcase name="testParseLevel2" classname="nl.han.ica.icss.parser.ParserTest" time="0.005">
    <error message="class nl.han.ica.icss.ast.Stylerule cannot be cast to class nl.han.ica.icss.ast.Stylesheet (nl.han.ica.icss.ast.Stylerule and nl.han.ica.icss.ast.Stylesheet are in unnamed module of loader &apos;app&apos;)" type="java.lang.ClassCastException">java.lang.ClassCastException: class nl.han.ica.icss.ast.Stylerule cannot be cast to class nl.han.ica.icss.ast.Stylesheet (nl.han.ica.icss.ast.Stylerule and nl.han.ica.icss.ast.Stylesheet are in unnamed module of loader 'app')
	at nl.han.ica.icss.parser.ParserTest.parseTestFile(ParserTest.java:48)
	at nl.han.ica.icss.parser.ParserTest.testParseLevel2(ParserTest.java:73)
</error>
  </testcase>
  <testcase name="testParseLevel3" classname="nl.han.ica.icss.parser.ParserTest" time="0.011">
    <error message="class nl.han.ica.icss.ast.Declaration cannot be cast to class nl.han.ica.icss.ast.Stylesheet (nl.han.ica.icss.ast.Declaration and nl.han.ica.icss.ast.Stylesheet are in unnamed module of loader &apos;app&apos;)" type="java.lang.ClassCastException">java.lang.ClassCastException: class nl.han.ica.icss.ast.Declaration cannot be cast to class nl.han.ica.icss.ast.Stylesheet (nl.han.ica.icss.ast.Declaration and nl.han.ica.icss.ast.Stylesheet are in unnamed module of loader 'app')
	at nl.han.ica.icss.parser.ParserTest.parseTestFile(ParserTest.java:48)
	at nl.han.ica.icss.parser.ParserTest.testParseLevel3(ParserTest.java:80)
</error>
  </testcase>
</testsuite>