<?xml version="1.0" encoding="UTF-8"?>
<testsuite xmlns:xsi="http://www.w3.org/2001/XMLSchema-instance" xsi:noNamespaceSchemaLocation="https://maven.apache.org/surefire/maven-surefire-plugin/xsd/surefire-test-report-3.0.xsd" version="3.0" name="nl.han.ica.icss.parser.ParserTest" time="0.074" tests="4" errors="0" skipped="0" failures="0">
  <properties>
[...]
</properties>
  <testcase name="testParseLevel0" classname="nl.han.ica.icss.parser.ParserTest" time="0.06"/>
  <testcase name="testParseLevel1" classname="nl.han.ica.icss.parser.ParserTest" time="0.003"/>
  <testcase name="testParseLevel2" classname="nl.han.ica.icss.parser.ParserTest" time="0.003"/>
  <testcase name="testParseLevel3" classname="nl.han.ica.icss.parser.ParserTest" time="0.004"/>
</testsuite>